<?xml version="1.0" encoding="UTF-8"?>
<!-- Generated by org.testng.reporters.JUnitReportReporter -->
<testsuite skipped="0" hostname="kevins-MacBook-Pro.local" name="com.careerhack.testrunner.TestRunner" tests="1" failures="0" timestamp="28 Jul 2020 20:30:09 GMT" time="5.798" errors="0">
  <testcase name="feature" time="5.798" classname="com.careerhack.testrunner.TestRunner"/>
</testsuite> <!-- com.careerhack.testrunner.TestRunner -->
